#
# A fatal error has been detected by the Java Runtime Environment:
#
#  EXCEPTION_ACCESS_VIOLATION (0xc0000005) at pc=0x00007ffd7e5c0afe, pid=12784, tid=11888
#
# JRE version: OpenJDK Runtime Environment AdoptOpenJDK-11.0.11+9 (11.0.11+9) (build 11.0.11+9)
# Java VM: OpenJDK 64-Bit Server VM AdoptOpenJDK-11.0.11+9 (11.0.11+9, mixed mode, tiered, compressed oops, parallel gc, windows-amd64)
# Problematic frame:
# V  [jvm.dll+0x5b0afe]
#
# No core dump will be written. Minidumps are not enabled by default on client versions of Windows
#
# If you would like to submit a bug report, please visit:
#   https://github.com/AdoptOpenJDK/openjdk-support/issues
#

---------------  S U M M A R Y ------------

Command Line: --add-modules=ALL-SYSTEM --add-opens=java.base/java.util=ALL-UNNAMED --add-opens=java.base/java.lang=ALL-UNNAMED -Declipse.application=org.eclipse.jdt.ls.core.id1 -Dosgi.bundles.defaultStartLevel=4 -Declipse.product=org.eclipse.jdt.ls.core.product -Dfile.encoding=utf8 -DwatchParentProcess=false -XX:+UseParallelGC -XX:GCTimeRatio=4 -XX:AdaptiveSizePolicyWeight=90 -Dsun.zip.disableMemoryMapping=true -Xmx1G -Xms100m -Xverify:none c:\Users\arg10\.vscode\extensions\redhat.java-0.79.1\server\plugins\org.eclipse.equinox.launcher_1.6.100.v20201223-0822.jar -configuration c:\Users\arg10\AppData\Roaming\Code\User\globalStorage\redhat.java\0.79.1\config_win -data c:\Users\arg10\AppData\Roaming\Code\User\workspaceStorage\1155923d09a5c388790d55c3c3faf51d\redhat.java\jdt_ws

Host: AMD Ryzen 7 3700X 8-Core Processor             , 16 cores, 15G,  Windows 10 , 64 bit Build 19041 (10.0.19041.928)
Time: Wed May 12 21:11:27 2021 Eastern Daylight Time elapsed time: 14482.032000 seconds (0d 4h 1m 22s)

---------------  T H R E A D  ---------------

Current thread (0x000001cacc517000):  VMThread "VM Thread" [stack: 0x0000007281900000,0x0000007281a00000] [id=11888]

Stack: [0x0000007281900000,0x0000007281a00000],  sp=0x00000072819feae0,  free space=1018k
Native frames: (J=compiled Java code, j=interpreted, Vv=VM code, C=native code)
V  [jvm.dll+0x5b0afe]
V  [jvm.dll+0x5b0c25]
V  [jvm.dll+0x5b09d0]
V  [jvm.dll+0x355055]
V  [jvm.dll+0x4cd8f4]
V  [jvm.dll+0x6390d2]
V  [jvm.dll+0x637f57]
V  [jvm.dll+0x63dc70]
V  [jvm.dll+0x6083d4]
V  [jvm.dll+0x783957]
V  [jvm.dll+0x78334c]
V  [jvm.dll+0x7873b7]
V  [jvm.dll+0x787c19]
V  [jvm.dll+0x787fa7]
V  [jvm.dll+0x73d364]
V  [jvm.dll+0x5f6cd6]
C  [ucrtbase.dll+0x21bb2]
C  [KERNEL32.DLL+0x17034]
C  [ntdll.dll+0x52651]


siginfo: EXCEPTION_ACCESS_VIOLATION (0xc0000005), reading address 0x0000000000000020


Register to memory mapping:

RIP=0x00007ffd7e5c0afe jvm.dll
RAX=0x0 is NULL
RBX=0x0 is NULL
RCX=0x000001cae351f7e0 is pointing into metadata
RDX=0x0 is NULL
RSP=0x00000072819feae0 points into unknown readable memory: 0x00000000000083b0 | b0 83 00 00 00 00 00 00
RBP=0x0 is NULL
RSI=0x0 is NULL
RDI=0x000001caddccf880 points into unknown readable memory: 0x00007ffd7e8728f8 | f8 28 87 7e fd 7f 00 00
R8 =0x0 is NULL
R9 =0x0000000000000010 is an unknown value
R10=0x0 is NULL
R11=0x000001cad2a5fbe8 is pointing into metadata
R12=0x000001caddccf850 points into unknown readable memory: 0x00007ffd7e872658 | 58 26 87 7e fd 7f 00 00
R13=0x000001caddcd7038 points into unknown readable memory: 0x00aaafb5935fe588 | 88 e5 5f 93 b5 af aa 00
R14=0x0 is NULL
R15=0x000001caddccf050 points into unknown readable memory: 0x0000000000000000 | 00 00 00 00 00 00 00 00


Registers:
RAX=0x0000000000000000, RBX=0x0000000000000000, RCX=0x000001cae351f7e0, RDX=0x0000000000000000
RSP=0x00000072819feae0, RBP=0x0000000000000000, RSI=0x0000000000000000, RDI=0x000001caddccf880
R8 =0x0000000000000000, R9 =0x0000000000000010, R10=0x0000000000000000, R11=0x000001cad2a5fbe8
R12=0x000001caddccf850, R13=0x000001caddcd7038, R14=0x0000000000000000, R15=0x000001caddccf050
RIP=0x00007ffd7e5c0afe, EFLAGS=0x0000000000010246

Top of Stack: (sp=0x00000072819feae0)
0x00000072819feae0:   00000000000083b0 00007ffd7e5c0766
0x00000072819feaf0:   000001cae58935f0 000001cacb2c0de0
0x00000072819feb00:   0000000000000000 00007ffd7e5c0c25
0x00000072819feb10:   000001cae351f648 000001caddccf880
0x00000072819feb20:   000001cacb2c0de0 0000000000000000
0x00000072819feb30:   000001caddccf880 00007ffd7e5c09d0
0x00000072819feb40:   000001cae351f7c8 000001cae26eabd8
0x00000072819feb50:   00000000000083b0 000001caddcd7038
0x00000072819feb60:   00007ffd7e8d4908 00007ffd7e367700
0x00000072819feb70:   0000000000000008 00007ffd7e8528a0
0x00000072819feb80:   00007ffd7ea83b80 0000000000000010
0x00000072819feb90:   00000072819fec19 00007ffd7e365055
0x00000072819feba0:   00000000000083b0 0000000000000002
0x00000072819febb0:   00000001006ca5d0 00000001006ca5d0
0x00000072819febc0:   0000000000000000 00007ffd7e4dd8f4
0x00000072819febd0:   00000001003e2bf8 0000000000000001 

Instructions: (pc=0x00007ffd7e5c0afe)
0x00007ffd7e5c09fe:   00 00 48 8b f8 48 85 c0 75 b8 48 8b 7c 24 60 48
0x00007ffd7e5c0a0e:   63 86 34 01 00 00 83 f8 fe 74 35 48 8d 8e 38 01
0x00007ffd7e5c0a1e:   00 00 48 03 c8 e8 58 0c 00 00 48 8b c8 48 8b d8
0x00007ffd7e5c0a2e:   48 8b 10 ff 52 68 33 c9 84 c0 48 0f 45 cb 48 85
0x00007ffd7e5c0a3e:   c9 74 0d 48 8b 01 41 0f b6 d6 ff 90 80 00 00 00
0x00007ffd7e5c0a4e:   48 8d 05 b3 3e 31 00 44 88 74 24 28 48 8d 54 24
0x00007ffd7e5c0a5e:   20 48 89 44 24 20 48 8b ce e8 d4 fc ff ff 49 83
0x00007ffd7e5c0a6e:   3f 00 4c 8b 74 24 78 48 8b 74 24 70 48 8b 5c 24
0x00007ffd7e5c0a7e:   68 74 13 48 8b d7 48 8b cd e8 a4 e5 b0 ff 49 8b
0x00007ffd7e5c0a8e:   cf e8 0c e5 b0 ff 4c 89 7d 10 4c 89 65 18 4c 89
0x00007ffd7e5c0a9e:   6d 20 48 83 c4 30 41 5f 41 5d 41 5c 5f 5d c3 cc
0x00007ffd7e5c0aae:   cc cc 48 89 5c 24 10 48 89 6c 24 18 48 89 7c 24
0x00007ffd7e5c0abe:   20 41 56 48 83 ec 20 45 33 f6 0f b6 ea 41 8b de
0x00007ffd7e5c0ace:   48 8b f9 39 1d c1 cf 45 00 76 6f 48 89 74 24 30
0x00007ffd7e5c0ade:   41 8b f6 48 8b 4f 08 48 63 c6 48 8b 44 c1 18 48
0x00007ffd7e5c0aee:   85 c0 74 44 40 84 ed 75 0d 48 8b 80 98 00 00 00
0x00007ffd7e5c0afe:   44 38 70 20 74 32 4c 89 71 08 48 63 c3 48 8d 0c
0x00007ffd7e5c0b0e:   00 48 8b 47 08 4c 89 74 c8 18 48 8b 47 08 4c 89
0x00007ffd7e5c0b1e:   74 c8 20 48 8b cf 48 8b 07 ff 50 28 84 c0 75 08
0x00007ffd7e5c0b2e:   48 8b 47 08 4c 89 70 10 ff c3 83 c6 02 3b 1d 57
0x00007ffd7e5c0b3e:   cf 45 00 72 9e 48 8b 74 24 30 48 8b 5c 24 38 48
0x00007ffd7e5c0b4e:   8b 6c 24 40 48 8b 7c 24 48 48 83 c4 20 41 5e c3
0x00007ffd7e5c0b5e:   cc cc 48 8b 01 4c 63 41 08 48 8b 48 08 4e 8d 0c
0x00007ffd7e5c0b6e:   c1 4a 8b 4c c1 08 48 8b c1 48 83 e0 fc 74 17 84
0x00007ffd7e5c0b7e:   d2 75 0c 48 8b 80 98 00 00 00 38 50 20 74 07 83
0x00007ffd7e5c0b8e:   e1 03 49 89 49 08 c3 cc cc cc cc cc cc cc cc cc
0x00007ffd7e5c0b9e:   cc cc 48 89 5c 24 08 33 c0 0f b6 da 4c 8b d1 39
0x00007ffd7e5c0bae:   41 10 7e 54 44 8b c8 66 66 66 0f 1f 84 00 00 00
0x00007ffd7e5c0bbe:   00 00 41 8b 52 08 49 8b 0a 41 03 d1 4c 63 c2 48
0x00007ffd7e5c0bce:   8b 51 08 4e 8d 1c c2 4a 8b 54 c2 10 48 8b ca 48
0x00007ffd7e5c0bde:   83 e1 fc 74 17 84 db 75 0c 48 8b 89 98 00 00 00
0x00007ffd7e5c0bee:   38 59 20 74 07 83 e2 03 49 89 53 10 ff c0 41 83 


Stack slot to memory mapping:
stack at sp + 0 slots: 0x00000000000083b0 is an unknown value
stack at sp + 1 slots: 0x00007ffd7e5c0766 jvm.dll
stack at sp + 2 slots: 0x000001cae58935f0 is pointing into metadata
stack at sp + 3 slots: 0x000001cacb2c0de0 points into unknown readable memory: 0x0000000000000002 | 02 00 00 00 00 00 00 00
stack at sp + 4 slots: 0x0 is NULL
stack at sp + 5 slots: 0x00007ffd7e5c0c25 jvm.dll
stack at sp + 6 slots: 0x000001cae351f648 is pointing into metadata
stack at sp + 7 slots: 0x000001caddccf880 points into unknown readable memory: 0x00007ffd7e8728f8 | f8 28 87 7e fd 7f 00 00

VM_Operation (0x00000072843fd4c0): ParallelGCFailedAllocation, mode: safepoint, requested by thread 0x000001caded95800


---------------  P R O C E S S  ---------------

Threads class SMR info:
_java_thread_list=0x000001cae19316b0, length=39, elements={
0x000001cab1329800, 0x000001cacb40d000, 0x000001cacb417000, 0x000001cacc559800,
0x000001cacc55a800, 0x000001cacb42c000, 0x000001cacb42e000, 0x000001cacb42f800,
0x000001cacb434800, 0x000001cacc6bd800, 0x000001cacf482800, 0x000001cacf47a000,
0x000001cacebd9800, 0x000001cacebce800, 0x000001cacf859800, 0x000001cacf93a800,
0x000001cacffe5000, 0x000001cacffe6800, 0x000001cacffea000, 0x000001caded91800,
0x000001caddd45000, 0x000001caddd4a800, 0x000001caddd49000, 0x000001caddd51800,
0x000001caddd4b800, 0x000001caded8c800, 0x000001caded90800, 0x000001caded8e800,
0x000001caded90000, 0x000001caded8f000, 0x000001caded8d800, 0x000001caded8b000,
0x000001caded94000, 0x000001caded95000, 0x000001caded95800, 0x000001caded98000,
0x000001caded92800, 0x000001caded99000, 0x000001caded93000
}

Java Threads: ( => current thread )
  0x000001cab1329800 JavaThread "main" [_thread_blocked, id=10300, stack(0x0000007281700000,0x0000007281800000)]
  0x000001cacb40d000 JavaThread "Reference Handler" daemon [_thread_blocked, id=2088, stack(0x0000007281a00000,0x0000007281b00000)]
  0x000001cacb417000 JavaThread "Finalizer" daemon [_thread_blocked, id=3708, stack(0x0000007281b00000,0x0000007281c00000)]
  0x000001cacc559800 JavaThread "Signal Dispatcher" daemon [_thread_blocked, id=17572, stack(0x0000007281c00000,0x0000007281d00000)]
  0x000001cacc55a800 JavaThread "Attach Listener" daemon [_thread_blocked, id=12952, stack(0x0000007281d00000,0x0000007281e00000)]
  0x000001cacb42c000 JavaThread "Service Thread" daemon [_thread_blocked, id=12748, stack(0x0000007281e00000,0x0000007281f00000)]
  0x000001cacb42e000 JavaThread "C2 CompilerThread0" daemon [_thread_blocked, id=11920, stack(0x0000007281f00000,0x0000007282000000)]
  0x000001cacb42f800 JavaThread "C1 CompilerThread0" daemon [_thread_blocked, id=10252, stack(0x0000007282000000,0x0000007282100000)]
  0x000001cacb434800 JavaThread "Sweeper thread" daemon [_thread_blocked, id=18140, stack(0x0000007282100000,0x0000007282200000)]
  0x000001cacc6bd800 JavaThread "Common-Cleaner" daemon [_thread_blocked, id=13712, stack(0x0000007282200000,0x0000007282300000)]
  0x000001cacf482800 JavaThread "Active Thread: Equinox Container: 953bfbd4-1d40-482d-a43c-a485c5fb0e21" [_thread_blocked, id=14296, stack(0x0000007282900000,0x0000007282a00000)]
  0x000001cacf47a000 JavaThread "Framework Event Dispatcher: Equinox Container: 953bfbd4-1d40-482d-a43c-a485c5fb0e21" daemon [_thread_blocked, id=8152, stack(0x0000007282d00000,0x0000007282e00000)]
  0x000001cacebd9800 JavaThread "Start Level: Equinox Container: 953bfbd4-1d40-482d-a43c-a485c5fb0e21" daemon [_thread_blocked, id=1684, stack(0x0000007282e00000,0x0000007282f00000)]
  0x000001cacebce800 JavaThread "SCR Component Actor" daemon [_thread_blocked, id=12184, stack(0x0000007282f00000,0x0000007283000000)]
  0x000001cacf859800 JavaThread "Bundle File Closer" daemon [_thread_blocked, id=10916, stack(0x0000007283100000,0x0000007283200000)]
  0x000001cacf93a800 JavaThread "Worker-JM" [_thread_blocked, id=10004, stack(0x0000007283200000,0x0000007283300000)]
  0x000001cacffe5000 JavaThread "Java indexing" daemon [_thread_blocked, id=10760, stack(0x0000007283700000,0x0000007283800000)]
  0x000001cacffe6800 JavaThread "logback configurator timer" daemon [_thread_blocked, id=8460, stack(0x0000007283c00000,0x0000007283d00000)]
  0x000001cacffea000 JavaThread "pool-2-thread-1" [_thread_in_native, id=17840, stack(0x0000007283d00000,0x0000007283e00000)]
  0x000001caded91800 JavaThread "ForkJoinPool.commonPool-worker-9" daemon [_thread_blocked, id=13068, stack(0x0000007284f00000,0x0000007285000000)]
  0x000001caddd45000 JavaThread "Java Debug Server" daemon [_thread_in_native, id=9260, stack(0x0000007281400000,0x0000007281500000)]
  0x000001caddd4a800 JavaThread "RxSchedulerPurge-1" daemon [_thread_blocked, id=7604, stack(0x0000007282300000,0x0000007282400000)]
  0x000001caddd49000 JavaThread "RxCachedWorkerPoolEvictor-1" daemon [_thread_blocked, id=2748, stack(0x0000007283000000,0x0000007283100000)]
  0x000001caddd51800 JavaThread "Worker-35" [_thread_blocked, id=832, stack(0x0000007284000000,0x0000007284100000)]
  0x000001caddd4b800 JavaThread "Worker-36" [_thread_blocked, id=1496, stack(0x0000007284100000,0x0000007284200000)]
  0x000001caded8c800 JavaThread "ForkJoinPool.commonPool-worker-31" daemon [_thread_blocked, id=21492, stack(0x0000007281500000,0x0000007281600000)]
  0x000001caded90800 JavaThread "ForkJoinPool.commonPool-worker-17" daemon [_thread_blocked, id=20384, stack(0x0000007281600000,0x0000007281700000)]
  0x000001caded8e800 JavaThread "ForkJoinPool.commonPool-worker-3" daemon [_thread_blocked, id=11052, stack(0x0000007282400000,0x0000007282500000)]
  0x000001caded90000 JavaThread "ForkJoinPool.commonPool-worker-21" daemon [_thread_blocked, id=20632, stack(0x0000007282500000,0x0000007282600000)]
  0x000001caded8f000 JavaThread "ForkJoinPool.commonPool-worker-7" daemon [_thread_blocked, id=18896, stack(0x0000007282700000,0x0000007282800000)]
  0x000001caded8d800 JavaThread "ForkJoinPool.commonPool-worker-25" daemon [_thread_blocked, id=2248, stack(0x0000007282800000,0x0000007282900000)]
  0x000001caded8b000 JavaThread "ForkJoinPool.commonPool-worker-11" daemon [_thread_blocked, id=15144, stack(0x0000007283500000,0x0000007283600000)]
  0x000001caded94000 JavaThread "ForkJoinPool.commonPool-worker-29" daemon [_thread_blocked, id=5924, stack(0x0000007283600000,0x0000007283700000)]
  0x000001caded95000 JavaThread "ForkJoinPool.commonPool-worker-15" daemon [_thread_blocked, id=10924, stack(0x0000007284200000,0x0000007284300000)]
  0x000001caded95800 JavaThread "ForkJoinPool.commonPool-worker-1" daemon [_thread_blocked, id=19328, stack(0x0000007284300000,0x0000007284400000)]
  0x000001caded98000 JavaThread "ForkJoinPool.commonPool-worker-19" daemon [_thread_blocked, id=20920, stack(0x0000007284400000,0x0000007284500000)]
  0x000001caded92800 JavaThread "ForkJoinPool.commonPool-worker-5" daemon [_thread_blocked, id=11008, stack(0x0000007284500000,0x0000007284600000)]
  0x000001caded99000 JavaThread "ForkJoinPool.commonPool-worker-23" daemon [_thread_blocked, id=19448, stack(0x0000007284700000,0x0000007284800000)]
  0x000001caded93000 JavaThread "ForkJoinPool.commonPool-worker-13" daemon [_thread_blocked, id=17804, stack(0x0000007284800000,0x0000007284900000)]

Other Threads:
=>0x000001cacc517000 VMThread "VM Thread" [stack: 0x0000007281900000,0x0000007281a00000] [id=11888]
  0x000001cacc7e0800 WatcherThread [stack: 0x0000007282600000,0x0000007282700000] [id=12524]
  0x000001cab1343000 GCTaskThread "ParGC Thread#0" [stack: 0x0000007281800000,0x0000007281900000] [id=17084]
  0x000001cacebde000 GCTaskThread "ParGC Thread#1" [stack: 0x0000007282a00000,0x0000007282b00000] [id=14584]
  0x000001cacebdf000 GCTaskThread "ParGC Thread#2" [stack: 0x0000007282b00000,0x0000007282c00000] [id=14984]
  0x000001cacebdf800 GCTaskThread "ParGC Thread#3" [stack: 0x0000007282c00000,0x0000007282d00000] [id=13620]
  0x000001cacf966000 GCTaskThread "ParGC Thread#4" [stack: 0x0000007283300000,0x0000007283400000] [id=18316]
  0x000001cacf9bb800 GCTaskThread "ParGC Thread#5" [stack: 0x0000007283400000,0x0000007283500000] [id=5952]
  0x000001cad13b8800 GCTaskThread "ParGC Thread#6" [stack: 0x0000007283800000,0x0000007283900000] [id=16788]
  0x000001cacfbfc800 GCTaskThread "ParGC Thread#7" [stack: 0x0000007283900000,0x0000007283a00000] [id=2296]
  0x000001cacfa48800 GCTaskThread "ParGC Thread#8" [stack: 0x0000007283a00000,0x0000007283b00000] [id=7272]
  0x000001cad0089800 GCTaskThread "ParGC Thread#9" [stack: 0x0000007283b00000,0x0000007283c00000] [id=13688]
  0x000001cacfdf2000 GCTaskThread "ParGC Thread#10" [stack: 0x0000007283e00000,0x0000007283f00000] [id=12176]
  0x000001caceb9b800 GCTaskThread "ParGC Thread#11" [stack: 0x0000007283f00000,0x0000007284000000] [id=13892]
  0x000001cadb4fa800 GCTaskThread "ParGC Thread#12" [stack: 0x0000007284600000,0x0000007284700000] [id=5028]

Threads with active compile tasks:

VM state:at safepoint (normal execution)

VM Mutex/Monitor currently owned by a thread:  ([mutex/lock_event])
[0x000001cab1327fc0] Threads_lock - owner thread: 0x000001cacc517000
[0x000001cab1327bd0] Heap_lock - owner thread: 0x000001caded95800

Heap address: 0x00000000c0000000, size: 1024 MB, Compressed Oops mode: 32-bit
Narrow klass base: 0x0000000000000000, Narrow klass shift: 3
Compressed class space size: 1073741824 Address: 0x0000000100000000

Heap:
 PSYoungGen      total 2560K, used 960K [0x00000000eab00000, 0x00000000eae80000, 0x0000000100000000)
  eden space 1536K, 0% used [0x00000000eab00000,0x00000000eab00000,0x00000000eac80000)
  from space 1024K, 93% used [0x00000000ead80000,0x00000000eae70000,0x00000000eae80000)
  to   space 1024K, 0% used [0x00000000eac80000,0x00000000eac80000,0x00000000ead80000)
 ParOldGen       total 128000K, used 127945K [0x00000000c0000000, 0x00000000c7d00000, 0x00000000eab00000)
  object space 128000K, 99% used [0x00000000c0000000,0x00000000c7cf26a0,0x00000000c7d00000)
 Metaspace       used 85382K, capacity 88639K, committed 89048K, reserved 1130496K
  class space    used 7616K, capacity 8818K, committed 8960K, reserved 1048576K

Card table byte_map: [0x000001cab0d10000,0x000001cab0f20000] _byte_map_base: 0x000001cab0710000

Marking Bits: (ParMarkBitMap*) 0x00007ffd7ea9d340
 Begin Bits: [0x000001cac8a40000, 0x000001cac9a40000)
 End Bits:   [0x000001cac9a40000, 0x000001cacaa40000)

Polling page: 0x000001caaf0b0000

Metaspace:

Usage:
  Non-class:     77.95 MB capacity,    75.94 MB ( 97%) used,     1.82 MB (  2%) free+waste,   190.69 KB ( <1%) overhead. 
      Class:      8.61 MB capacity,     7.44 MB ( 86%) used,     1.10 MB ( 13%) free+waste,    75.44 KB ( <1%) overhead. 
       Both:     86.56 MB capacity,    83.38 MB ( 96%) used,     2.92 MB (  3%) free+waste,   266.13 KB ( <1%) overhead. 

Virtual space:
  Non-class space:       80.00 MB reserved,      78.21 MB ( 98%) committed 
      Class space:        1.00 GB reserved,       8.75 MB ( <1%) committed 
             Both:        1.08 GB reserved,      86.96 MB (  8%) committed 

Chunk freelists:
   Non-Class:  75.00 KB
       Class:  78.00 KB
        Both:  153.00 KB

MaxMetaspaceSize: 17179869184.00 GB
CompressedClassSpaceSize: 1.00 GB

CodeHeap 'non-profiled nmethods': size=119168Kb used=28006Kb max_used=28006Kb free=91161Kb
 bounds [0x000001cac15e0000, 0x000001cac3160000, 0x000001cac8a40000]
CodeHeap 'profiled nmethods': size=119168Kb used=43967Kb max_used=44557Kb free=75200Kb
 bounds [0x000001caba180000, 0x000001cabcda0000, 0x000001cac15e0000]
CodeHeap 'non-nmethods': size=7424Kb used=1328Kb max_used=3102Kb free=6095Kb
 bounds [0x000001cab9a40000, 0x000001cab9df0000, 0x000001caba180000]
 total_blobs=19672 nmethods=18937 adapters=643
 compilation: enabled
              stopped_count=0, restarted_count=0
 full_count=0

Compilation events (20 events):
Event: 14475.438 Thread 0x000001cacb42f800 nmethod 26439 0x000001cabbc6df10 code [0x000001cabbc6e1a0, 0x000001cabbc6ece8]
Event: 14475.438 Thread 0x000001cacb42e000 nmethod 26438 0x000001cac2916210 code [0x000001cac29163e0, 0x000001cac2916aa8]
Event: 14475.439 Thread 0x000001cacb42f800 26440       3       org.eclipse.jdt.internal.corext.refactoring.JDTRefactoringDescriptorComment::addSetting (25 bytes)
Event: 14475.439 Thread 0x000001cacb42f800 nmethod 26440 0x000001cabb4b2d90 code [0x000001cabb4b2f60, 0x000001cabb4b31d8]
Event: 14478.361 Thread 0x000001cacb42e000 26441       4       org.eclipse.jdt.ls.core.internal.corrections.RefactorProcessor::getSimpleNameForVariable (83 bytes)
Event: 14478.366 Thread 0x000001cacb42e000 nmethod 26441 0x000001cac28b8590 code [0x000001cac28b87a0, 0x000001cac28b8ac8]
Event: 14478.610 Thread 0x000001cacb42e000 26442       4       org.eclipse.jdt.internal.core.search.matching.MemberDeclarationVisitor::matchNode (50 bytes)
Event: 14478.612 Thread 0x000001cacb42e000 nmethod 26442 0x000001cac292f510 code [0x000001cac292f6a0, 0x000001cac292f7b8]
Event: 14480.038 Thread 0x000001cacb42e000 26443       4       org.eclipse.jdt.internal.compiler.ClassFile::completeCodeAttribute (1107 bytes)
Event: 14480.080 Thread 0x000001cacb42e000 nmethod 26443 0x000001cac2a94b90 code [0x000001cac2a94ec0, 0x000001cac2a97220]
Event: 14480.521 Thread 0x000001cacb42e000 26444   !   4       org.eclipse.jdt.internal.compiler.ast.TryStatement::generateCode (2188 bytes)
Event: 14480.657 Thread 0x000001cacb42e000 nmethod 26444 0x000001cac3153490 code [0x000001cac3153b20, 0x000001cac3159e18]
Event: 14481.926 Thread 0x000001cacb42f800 26445       3       java.util.GregorianCalendar::computeFields (1571 bytes)
Event: 14481.928 Thread 0x000001cacb42e000 26447       4       org.eclipse.jdt.internal.formatter.TokenManager::countLineBreaksBetween (113 bytes)
Event: 14481.929 Thread 0x000001cacb42f800 nmethod 26445 0x000001cabc964b10 code [0x000001cabc9651c0, 0x000001cabc96a638]
Event: 14481.929 Thread 0x000001cacb42f800 26446       3       org.eclipse.jdt.internal.core.dom.rewrite.ListRewriteEvent::replaceEntry (110 bytes)
Event: 14481.929 Thread 0x000001cacb42f800 nmethod 26446 0x000001cabbc73910 code [0x000001cabbc73b40, 0x000001cabbc74388]
Event: 14481.932 Thread 0x000001cacb42e000 nmethod 26447 0x000001cac294be10 code [0x000001cac294bfc0, 0x000001cac294c258]
Event: 14481.932 Thread 0x000001cacb42e000 26448       4       org.eclipse.jdt.internal.core.dom.rewrite.ASTRewriteAnalyzer::ensureSpaceBeforeReplace (130 bytes)
Event: 14481.937 Thread 0x000001cacb42e000 nmethod 26448 0x000001cac2a03990 code [0x000001cac2a03bc0, 0x000001cac2a03ff0]

GC Heap History (20 events):
Event: 14480.318 GC heap after
{Heap after GC invocations=15135 (full 391):
 PSYoungGen      total 2048K, used 256K [0x00000000eab00000, 0x00000000eae00000, 0x0000000100000000)
  eden space 1536K, 0% used [0x00000000eab00000,0x00000000eab00000,0x00000000eac80000)
  from space 512K, 50% used [0x00000000ead00000,0x00000000ead40000,0x00000000ead80000)
  to   space 512K, 0% used [0x00000000ead80000,0x00000000ead80000,0x00000000eae00000)
 ParOldGen       total 128000K, used 126178K [0x00000000c0000000, 0x00000000c7d00000, 0x00000000eab00000)
  object space 128000K, 98% used [0x00000000c0000000,0x00000000c7b38a70,0x00000000c7d00000)
 Metaspace       used 85381K, capacity 88639K, committed 89048K, reserved 1130496K
  class space    used 7616K, capacity 8818K, committed 8960K, reserved 1048576K
}
Event: 14480.518 GC heap before
{Heap before GC invocations=15136 (full 391):
 PSYoungGen      total 2048K, used 1791K [0x00000000eab00000, 0x00000000eae00000, 0x0000000100000000)
  eden space 1536K, 99% used [0x00000000eab00000,0x00000000eac7ff88,0x00000000eac80000)
  from space 512K, 50% used [0x00000000ead00000,0x00000000ead40000,0x00000000ead80000)
  to   space 512K, 0% used [0x00000000ead80000,0x00000000ead80000,0x00000000eae00000)
 ParOldGen       total 128000K, used 126178K [0x00000000c0000000, 0x00000000c7d00000, 0x00000000eab00000)
  object space 128000K, 98% used [0x00000000c0000000,0x00000000c7b38a70,0x00000000c7d00000)
 Metaspace       used 85381K, capacity 88639K, committed 89048K, reserved 1130496K
  class space    used 7616K, capacity 8818K, committed 8960K, reserved 1048576K
}
Event: 14480.519 GC heap after
{Heap after GC invocations=15136 (full 391):
 PSYoungGen      total 2048K, used 464K [0x00000000eab00000, 0x00000000eae00000, 0x0000000100000000)
  eden space 1536K, 0% used [0x00000000eab00000,0x00000000eab00000,0x00000000eac80000)
  from space 512K, 90% used [0x00000000ead80000,0x00000000eadf4010,0x00000000eae00000)
  to   space 512K, 0% used [0x00000000ead00000,0x00000000ead00000,0x00000000ead80000)
 ParOldGen       total 128000K, used 126234K [0x00000000c0000000, 0x00000000c7d00000, 0x00000000eab00000)
  object space 128000K, 98% used [0x00000000c0000000,0x00000000c7b46a70,0x00000000c7d00000)
 Metaspace       used 85381K, capacity 88639K, committed 89048K, reserved 1130496K
  class space    used 7616K, capacity 8818K, committed 8960K, reserved 1048576K
}
Event: 14480.522 GC heap before
{Heap before GC invocations=15137 (full 391):
 PSYoungGen      total 2048K, used 2000K [0x00000000eab00000, 0x00000000eae00000, 0x0000000100000000)
  eden space 1536K, 100% used [0x00000000eab00000,0x00000000eac80000,0x00000000eac80000)
  from space 512K, 90% used [0x00000000ead80000,0x00000000eadf4010,0x00000000eae00000)
  to   space 512K, 0% used [0x00000000ead00000,0x00000000ead00000,0x00000000ead80000)
 ParOldGen       total 128000K, used 126234K [0x00000000c0000000, 0x00000000c7d00000, 0x00000000eab00000)
  object space 128000K, 98% used [0x00000000c0000000,0x00000000c7b46a70,0x00000000c7d00000)
 Metaspace       used 85381K, capacity 88639K, committed 89048K, reserved 1130496K
  class space    used 7616K, capacity 8818K, committed 8960K, reserved 1048576K
}
Event: 14480.523 GC heap after
{Heap after GC invocations=15137 (full 391):
 PSYoungGen      total 2048K, used 288K [0x00000000eab00000, 0x00000000eae00000, 0x0000000100000000)
  eden space 1536K, 0% used [0x00000000eab00000,0x00000000eab00000,0x00000000eac80000)
  from space 512K, 56% used [0x00000000ead00000,0x00000000ead48000,0x00000000ead80000)
  to   space 512K, 0% used [0x00000000ead80000,0x00000000ead80000,0x00000000eae00000)
 ParOldGen       total 128000K, used 126346K [0x00000000c0000000, 0x00000000c7d00000, 0x00000000eab00000)
  object space 128000K, 98% used [0x00000000c0000000,0x00000000c7b62a70,0x00000000c7d00000)
 Metaspace       used 85381K, capacity 88639K, committed 89048K, reserved 1130496K
  class space    used 7616K, capacity 8818K, committed 8960K, reserved 1048576K
}
Event: 14480.802 GC heap before
{Heap before GC invocations=15138 (full 391):
 PSYoungGen      total 2048K, used 1824K [0x00000000eab00000, 0x00000000eae00000, 0x0000000100000000)
  eden space 1536K, 100% used [0x00000000eab00000,0x00000000eac80000,0x00000000eac80000)
  from space 512K, 56% used [0x00000000ead00000,0x00000000ead48000,0x00000000ead80000)
  to   space 512K, 0% used [0x00000000ead80000,0x00000000ead80000,0x00000000eae00000)
 ParOldGen       total 128000K, used 126346K [0x00000000c0000000, 0x00000000c7d00000, 0x00000000eab00000)
  object space 128000K, 98% used [0x00000000c0000000,0x00000000c7b62a70,0x00000000c7d00000)
 Metaspace       used 85381K, capacity 88639K, committed 89048K, reserved 1130496K
  class space    used 7616K, capacity 8818K, committed 8960K, reserved 1048576K
}
Event: 14480.803 GC heap after
{Heap after GC invocations=15138 (full 391):
 PSYoungGen      total 2048K, used 384K [0x00000000eab00000, 0x00000000eae00000, 0x0000000100000000)
  eden space 1536K, 0% used [0x00000000eab00000,0x00000000eab00000,0x00000000eac80000)
  from space 512K, 75% used [0x00000000ead80000,0x00000000eade0000,0x00000000eae00000)
  to   space 512K, 0% used [0x00000000ead00000,0x00000000ead00000,0x00000000ead80000)
 ParOldGen       total 128000K, used 126370K [0x00000000c0000000, 0x00000000c7d00000, 0x00000000eab00000)
  object space 128000K, 98% used [0x00000000c0000000,0x00000000c7b68a70,0x00000000c7d00000)
 Metaspace       used 85381K, capacity 88639K, committed 89048K, reserved 1130496K
  class space    used 7616K, capacity 8818K, committed 8960K, reserved 1048576K
}
Event: 14480.808 GC heap before
{Heap before GC invocations=15139 (full 391):
 PSYoungGen      total 2048K, used 1920K [0x00000000eab00000, 0x00000000eae00000, 0x0000000100000000)
  eden space 1536K, 100% used [0x00000000eab00000,0x00000000eac80000,0x00000000eac80000)
  from space 512K, 75% used [0x00000000ead80000,0x00000000eade0000,0x00000000eae00000)
  to   space 512K, 0% used [0x00000000ead00000,0x00000000ead00000,0x00000000ead80000)
 ParOldGen       total 128000K, used 126370K [0x00000000c0000000, 0x00000000c7d00000, 0x00000000eab00000)
  object space 128000K, 98% used [0x00000000c0000000,0x00000000c7b68a70,0x00000000c7d00000)
 Metaspace       used 85381K, capacity 88639K, committed 89048K, reserved 1130496K
  class space    used 7616K, capacity 8818K, committed 8960K, reserved 1048576K
}
Event: 14480.809 GC heap after
{Heap after GC invocations=15139 (full 391):
 PSYoungGen      total 2048K, used 512K [0x00000000eab00000, 0x00000000eae80000, 0x0000000100000000)
  eden space 1536K, 0% used [0x00000000eab00000,0x00000000eab00000,0x00000000eac80000)
  from space 512K, 100% used [0x00000000ead00000,0x00000000ead80000,0x00000000ead80000)
  to   space 1024K, 0% used [0x00000000ead80000,0x00000000ead80000,0x00000000eae80000)
 ParOldGen       total 128000K, used 126674K [0x00000000c0000000, 0x00000000c7d00000, 0x00000000eab00000)
  object space 128000K, 98% used [0x00000000c0000000,0x00000000c7bb4a90,0x00000000c7d00000)
 Metaspace       used 85381K, capacity 88639K, committed 89048K, reserved 1130496K
  class space    used 7616K, capacity 8818K, committed 8960K, reserved 1048576K
}
Event: 14481.071 GC heap before
{Heap before GC invocations=15140 (full 391):
 PSYoungGen      total 2048K, used 2048K [0x00000000eab00000, 0x00000000eae80000, 0x0000000100000000)
  eden space 1536K, 100% used [0x00000000eab00000,0x00000000eac80000,0x00000000eac80000)
  from space 512K, 100% used [0x00000000ead00000,0x00000000ead80000,0x00000000ead80000)
  to   space 1024K, 0% used [0x00000000ead80000,0x00000000ead80000,0x00000000eae80000)
 ParOldGen       total 128000K, used 126674K [0x00000000c0000000, 0x00000000c7d00000, 0x00000000eab00000)
  object space 128000K, 98% used [0x00000000c0000000,0x00000000c7bb4a90,0x00000000c7d00000)
 Metaspace       used 85381K, capacity 88639K, committed 89048K, reserved 1130496K
  class space    used 7616K, capacity 8818K, committed 8960K, reserved 1048576K
}
Event: 14481.072 GC heap after
{Heap after GC invocations=15140 (full 391):
 PSYoungGen      total 2560K, used 432K [0x00000000eab00000, 0x00000000eae80000, 0x0000000100000000)
  eden space 1536K, 0% used [0x00000000eab00000,0x00000000eab00000,0x00000000eac80000)
  from space 1024K, 42% used [0x00000000ead80000,0x00000000eadec010,0x00000000eae80000)
  to   space 1024K, 0% used [0x00000000eac80000,0x00000000eac80000,0x00000000ead80000)
 ParOldGen       total 128000K, used 127122K [0x00000000c0000000, 0x00000000c7d00000, 0x00000000eab00000)
  object space 128000K, 99% used [0x00000000c0000000,0x00000000c7c24b20,0x00000000c7d00000)
 Metaspace       used 85381K, capacity 88639K, committed 89048K, reserved 1130496K
  class space    used 7616K, capacity 8818K, committed 8960K, reserved 1048576K
}
Event: 14481.104 GC heap before
{Heap before GC invocations=15141 (full 391):
 PSYoungGen      total 2560K, used 1957K [0x00000000eab00000, 0x00000000eae80000, 0x0000000100000000)
  eden space 1536K, 99% used [0x00000000eab00000,0x00000000eac7d408,0x00000000eac80000)
  from space 1024K, 42% used [0x00000000ead80000,0x00000000eadec010,0x00000000eae80000)
  to   space 1024K, 0% used [0x00000000eac80000,0x00000000eac80000,0x00000000ead80000)
 ParOldGen       total 128000K, used 127122K [0x00000000c0000000, 0x00000000c7d00000, 0x00000000eab00000)
  object space 128000K, 99% used [0x00000000c0000000,0x00000000c7c24b20,0x00000000c7d00000)
 Metaspace       used 85381K, capacity 88639K, committed 89048K, reserved 1130496K
  class space    used 7616K, capacity 8818K, committed 8960K, reserved 1048576K
}
Event: 14481.105 GC heap after
{Heap after GC invocations=15141 (full 391):
 PSYoungGen      total 2560K, used 224K [0x00000000eab00000, 0x00000000eae00000, 0x0000000100000000)
  eden space 1536K, 0% used [0x00000000eab00000,0x00000000eab00000,0x00000000eac80000)
  from space 1024K, 21% used [0x00000000eac80000,0x00000000eacb8000,0x00000000ead80000)
  to   space 512K, 0% used [0x00000000ead80000,0x00000000ead80000,0x00000000eae00000)
 ParOldGen       total 128000K, used 127202K [0x00000000c0000000, 0x00000000c7d00000, 0x00000000eab00000)
  object space 128000K, 99% used [0x00000000c0000000,0x00000000c7c38b20,0x00000000c7d00000)
 Metaspace       used 85381K, capacity 88639K, committed 89048K, reserved 1130496K
  class space    used 7616K, capacity 8818K, committed 8960K, reserved 1048576K
}
Event: 14481.928 GC heap before
{Heap before GC invocations=15142 (full 391):
 PSYoungGen      total 2560K, used 1760K [0x00000000eab00000, 0x00000000eae00000, 0x0000000100000000)
  eden space 1536K, 100% used [0x00000000eab00000,0x00000000eac80000,0x00000000eac80000)
  from space 1024K, 21% used [0x00000000eac80000,0x00000000eacb8000,0x00000000ead80000)
  to   space 512K, 0% used [0x00000000ead80000,0x00000000ead80000,0x00000000eae00000)
 ParOldGen       total 128000K, used 127202K [0x00000000c0000000, 0x00000000c7d00000, 0x00000000eab00000)
  object space 128000K, 99% used [0x00000000c0000000,0x00000000c7c38b20,0x00000000c7d00000)
 Metaspace       used 85381K, capacity 88639K, committed 89048K, reserved 1130496K
  class space    used 7616K, capacity 8818K, committed 8960K, reserved 1048576K
}
Event: 14481.929 GC heap after
{Heap after GC invocations=15142 (full 391):
 PSYoungGen      total 2048K, used 416K [0x00000000eab00000, 0x00000000eae00000, 0x0000000100000000)
  eden space 1536K, 0% used [0x00000000eab00000,0x00000000eab00000,0x00000000eac80000)
  from space 512K, 81% used [0x00000000ead80000,0x00000000eade8000,0x00000000eae00000)
  to   space 512K, 0% used [0x00000000ead00000,0x00000000ead00000,0x00000000ead80000)
 ParOldGen       total 128000K, used 127258K [0x00000000c0000000, 0x00000000c7d00000, 0x00000000eab00000)
  object space 128000K, 99% used [0x00000000c0000000,0x00000000c7c46b20,0x00000000c7d00000)
 Metaspace       used 85381K, capacity 88639K, committed 89048K, reserved 1130496K
  class space    used 7616K, capacity 8818K, committed 8960K, reserved 1048576K
}
Event: 14481.932 GC heap before
{Heap before GC invocations=15143 (full 391):
 PSYoungGen      total 2048K, used 1952K [0x00000000eab00000, 0x00000000eae00000, 0x0000000100000000)
  eden space 1536K, 100% used [0x00000000eab00000,0x00000000eac80000,0x00000000eac80000)
  from space 512K, 81% used [0x00000000ead80000,0x00000000eade8000,0x00000000eae00000)
  to   space 512K, 0% used [0x00000000ead00000,0x00000000ead00000,0x00000000ead80000)
 ParOldGen       total 128000K, used 127258K [0x00000000c0000000, 0x00000000c7d00000, 0x00000000eab00000)
  object space 128000K, 99% used [0x00000000c0000000,0x00000000c7c46b20,0x00000000c7d00000)
 Metaspace       used 85382K, capacity 88639K, committed 89048K, reserved 1130496K
  class space    used 7616K, capacity 8818K, committed 8960K, reserved 1048576K
}
Event: 14481.934 GC heap after
{Heap after GC invocations=15143 (full 391):
 PSYoungGen      total 2048K, used 512K [0x00000000eab00000, 0x00000000eae80000, 0x0000000100000000)
  eden space 1536K, 0% used [0x00000000eab00000,0x00000000eab00000,0x00000000eac80000)
  from space 512K, 100% used [0x00000000ead00000,0x00000000ead80000,0x00000000ead80000)
  to   space 1024K, 0% used [0x00000000ead80000,0x00000000ead80000,0x00000000eae80000)
 ParOldGen       total 128000K, used 127435K [0x00000000c0000000, 0x00000000c7d00000, 0x00000000eab00000)
  object space 128000K, 99% used [0x00000000c0000000,0x00000000c7c72c40,0x00000000c7d00000)
 Metaspace       used 85382K, capacity 88639K, committed 89048K, reserved 1130496K
  class space    used 7616K, capacity 8818K, committed 8960K, reserved 1048576K
}
Event: 14481.939 GC heap before
{Heap before GC invocations=15144 (full 391):
 PSYoungGen      total 2048K, used 2048K [0x00000000eab00000, 0x00000000eae80000, 0x0000000100000000)
  eden space 1536K, 100% used [0x00000000eab00000,0x00000000eac80000,0x00000000eac80000)
  from space 512K, 100% used [0x00000000ead00000,0x00000000ead80000,0x00000000ead80000)
  to   space 1024K, 0% used [0x00000000ead80000,0x00000000ead80000,0x00000000eae80000)
 ParOldGen       total 128000K, used 127435K [0x00000000c0000000, 0x00000000c7d00000, 0x00000000eab00000)
  object space 128000K, 99% used [0x00000000c0000000,0x00000000c7c72c40,0x00000000c7d00000)
 Metaspace       used 85382K, capacity 88639K, committed 89048K, reserved 1130496K
  class space    used 7616K, capacity 8818K, committed 8960K, reserved 1048576K
}
Event: 14481.940 GC heap after
{Heap after GC invocations=15144 (full 391):
 PSYoungGen      total 2560K, used 960K [0x00000000eab00000, 0x00000000eae80000, 0x0000000100000000)
  eden space 1536K, 0% used [0x00000000eab00000,0x00000000eab00000,0x00000000eac80000)
  from space 1024K, 93% used [0x00000000ead80000,0x00000000eae70000,0x00000000eae80000)
  to   space 1024K, 0% used [0x00000000eac80000,0x00000000eac80000,0x00000000ead80000)
 ParOldGen       total 128000K, used 127945K [0x00000000c0000000, 0x00000000c7d00000, 0x00000000eab00000)
  object space 128000K, 99% used [0x00000000c0000000,0x00000000c7cf26a0,0x00000000c7d00000)
 Metaspace       used 85382K, capacity 88639K, committed 89048K, reserved 1130496K
  class space    used 7616K, capacity 8818K, committed 8960K, reserved 1048576K
}
Event: 14481.940 GC heap before
{Heap before GC invocations=15145 (full 392):
 PSYoungGen      total 2560K, used 960K [0x00000000eab00000, 0x00000000eae80000, 0x0000000100000000)
  eden space 1536K, 0% used [0x00000000eab00000,0x00000000eab00000,0x00000000eac80000)
  from space 1024K, 93% used [0x00000000ead80000,0x00000000eae70000,0x00000000eae80000)
  to   space 1024K, 0% used [0x00000000eac80000,0x00000000eac80000,0x00000000ead80000)
 ParOldGen       total 128000K, used 127945K [0x00000000c0000000, 0x00000000c7d00000, 0x00000000eab00000)
  object space 128000K, 99% used [0x00000000c0000000,0x00000000c7cf26a0,0x00000000c7d00000)
 Metaspace       used 85382K, capacity 88639K, committed 89048K, reserved 1130496K
  class space    used 7616K, capacity 8818K, committed 8960K, reserved 1048576K
}

Deoptimization events (20 events):
Event: 5921.246 Thread 0x000001caddd4b800 Uncommon trap: trap_request=0xffffffde fr.pc=0x000001cac2765024 relative=0x0000000000005024
Event: 5921.246 Thread 0x000001caddd4b800 Uncommon trap: reason=class_check action=maybe_recompile pc=0x000001cac2765024 method=org.eclipse.jdt.internal.compiler.ast.LocalDeclaration.resolve(Lorg/eclipse/jdt/internal/compiler/lookup/BlockScope;Z)V @ 944 c2
Event: 5921.246 Thread 0x000001caddd4b800 DEOPT PACKING pc=0x000001cac2765024 sp=0x00000072841fe3f0
Event: 5921.246 Thread 0x000001caddd4b800 DEOPT UNPACKING pc=0x000001cab9a65e2f sp=0x00000072841fe478 mode 2
Event: 5921.250 Thread 0x000001caddd4b800 Uncommon trap: trap_request=0xffffffde fr.pc=0x000001cac2765024 relative=0x0000000000005024
Event: 5921.250 Thread 0x000001caddd4b800 Uncommon trap: reason=class_check action=maybe_recompile pc=0x000001cac2765024 method=org.eclipse.jdt.internal.compiler.ast.LocalDeclaration.resolve(Lorg/eclipse/jdt/internal/compiler/lookup/BlockScope;Z)V @ 944 c2
Event: 5921.250 Thread 0x000001caddd4b800 DEOPT PACKING pc=0x000001cac2765024 sp=0x00000072841fdfc0
Event: 5921.250 Thread 0x000001caddd4b800 DEOPT UNPACKING pc=0x000001cab9a65e2f sp=0x00000072841fe048 mode 2
Event: 12733.088 Thread 0x000001cacffea000 Uncommon trap: trap_request=0xffffff4d fr.pc=0x000001cac28a4c68 relative=0x00000000000010c8
Event: 12733.088 Thread 0x000001cacffea000 Uncommon trap: reason=unstable_if action=reinterpret pc=0x000001cac28a4c68 method=java.util.GregorianCalendar.computeFields(II)I @ 223 c2
Event: 12733.088 Thread 0x000001cacffea000 DEOPT PACKING pc=0x000001cac28a4c68 sp=0x0000007283dfee20
Event: 12733.088 Thread 0x000001cacffea000 DEOPT UNPACKING pc=0x000001cab9a65e2f sp=0x0000007283dfed10 mode 2
Event: 14471.478 Thread 0x000001caded94000 Uncommon trap: trap_request=0xffffff4d fr.pc=0x000001cac28ba430 relative=0x0000000000000b50
Event: 14471.478 Thread 0x000001caded94000 Uncommon trap: reason=unstable_if action=reinterpret pc=0x000001cac28ba430 method=org.eclipse.jdt.internal.compiler.codegen.CodeStream.iconst_1()V @ 50 c2
Event: 14471.478 Thread 0x000001caded94000 DEOPT PACKING pc=0x000001cac28ba430 sp=0x00000072836fdfb0
Event: 14471.478 Thread 0x000001caded94000 DEOPT UNPACKING pc=0x000001cab9a65e2f sp=0x00000072836fdeb0 mode 2
Event: 14471.861 Thread 0x000001caddd4b800 Uncommon trap: trap_request=0xffffff4d fr.pc=0x000001cac1fc2f58 relative=0x00000000000000b8
Event: 14471.861 Thread 0x000001caddd4b800 Uncommon trap: reason=unstable_if action=reinterpret pc=0x000001cac1fc2f58 method=org.eclipse.jdt.internal.compiler.codegen.CodeStream.iconst_1()V @ 50 c2
Event: 14471.861 Thread 0x000001caddd4b800 DEOPT PACKING pc=0x000001cac1fc2f58 sp=0x00000072841fe170
Event: 14471.861 Thread 0x000001caddd4b800 DEOPT UNPACKING pc=0x000001cab9a65e2f sp=0x00000072841fe100 mode 2

Classes redefined (0 events):
No events

Internal exceptions (20 events):
Event: 5490.552 Thread 0x000001caddd4b800 Exception <a 'sun/nio/fs/WindowsException'{0x00000000eae7c1f0}> (0x00000000eae7c1f0) thrown at [./src/hotspot/share/prims/jni.cpp, line 615]
Event: 5490.554 Thread 0x000001caddd4b800 Exception <a 'sun/nio/fs/WindowsException'{0x00000000eae8d298}> (0x00000000eae8d298) thrown at [./src/hotspot/share/prims/jni.cpp, line 615]
Event: 5490.554 Thread 0x000001caddd4b800 Exception <a 'sun/nio/fs/WindowsException'{0x00000000eae91288}> (0x00000000eae91288) thrown at [./src/hotspot/share/prims/jni.cpp, line 615]
Event: 5490.556 Thread 0x000001caddd4b800 Exception <a 'sun/nio/fs/WindowsException'{0x00000000eae95d38}> (0x00000000eae95d38) thrown at [./src/hotspot/share/prims/jni.cpp, line 615]
Event: 5490.563 Thread 0x000001caddd4b800 Exception <a 'sun/nio/fs/WindowsException'{0x00000000eab802f8}> (0x00000000eab802f8) thrown at [./src/hotspot/share/prims/jni.cpp, line 615]
Event: 5490.565 Thread 0x000001caddd4b800 Exception <a 'sun/nio/fs/WindowsException'{0x00000000eac20e40}> (0x00000000eac20e40) thrown at [./src/hotspot/share/prims/jni.cpp, line 615]
Event: 5490.567 Thread 0x000001caddd48800 Implicit null exception at 0x000001cac24dba13 to 0x000001cac24ddc7c
Event: 5490.567 Thread 0x000001caddd4b800 Exception <a 'sun/nio/fs/WindowsException'{0x00000000ead06360}> (0x00000000ead06360) thrown at [./src/hotspot/share/prims/jni.cpp, line 615]
Event: 5490.569 Thread 0x000001caddd4b800 Exception <a 'sun/nio/fs/WindowsException'{0x00000000ead92398}> (0x00000000ead92398) thrown at [./src/hotspot/share/prims/jni.cpp, line 615]
Event: 5490.571 Thread 0x000001caddd4b800 Exception <a 'sun/nio/fs/WindowsException'{0x00000000eadaa000}> (0x00000000eadaa000) thrown at [./src/hotspot/share/prims/jni.cpp, line 615]
Event: 5490.572 Thread 0x000001caddd4b800 Exception <a 'sun/nio/fs/WindowsException'{0x00000000eadbb0c0}> (0x00000000eadbb0c0) thrown at [./src/hotspot/share/prims/jni.cpp, line 615]
Event: 5498.437 Thread 0x000001caddd4b800 Exception <a 'sun/nio/fs/WindowsException'{0x00000000eabb0110}> (0x00000000eabb0110) thrown at [./src/hotspot/share/prims/jni.cpp, line 615]
Event: 5498.439 Thread 0x000001caddd4b800 Exception <a 'sun/nio/fs/WindowsException'{0x00000000eabbd688}> (0x00000000eabbd688) thrown at [./src/hotspot/share/prims/jni.cpp, line 615]
Event: 5498.440 Thread 0x000001caddd4b800 Exception <a 'sun/nio/fs/WindowsException'{0x00000000eabcb700}> (0x00000000eabcb700) thrown at [./src/hotspot/share/prims/jni.cpp, line 615]
Event: 5656.109 Thread 0x000001caded91800 Implicit null exception at 0x000001cac244a932 to 0x000001cac244b0bb
Event: 5673.398 Thread 0x000001caded8f000 Exception <a 'java/lang/ClassNotFoundException'{0x00000000eab72080}: sun/net/www/protocol/jdt/Handler> (0x00000000eab72080) thrown at [./src/hotspot/share/classfile/systemDictionary.cpp, line 231]
Event: 5679.291 Thread 0x000001caddd4b800 Exception <a 'sun/nio/fs/WindowsException'{0x00000000eac74698}> (0x00000000eac74698) thrown at [./src/hotspot/share/prims/jni.cpp, line 615]
Event: 5840.977 Thread 0x000001caded8c800 Exception <a 'java/lang/ClassNotFoundException'{0x00000000eabaea98}: sun/net/www/protocol/jdt/Handler> (0x00000000eabaea98) thrown at [./src/hotspot/share/classfile/systemDictionary.cpp, line 231]
Event: 5920.888 Thread 0x000001caded8d800 Implicit null exception at 0x000001cac2893679 to 0x000001cac2893b5c
Event: 5933.079 Thread 0x000001caded8e800 Exception <a 'java/lang/ClassNotFoundException'{0x00000000eabe21d8}: sun/net/www/protocol/jdt/Handler> (0x00000000eabe21d8) thrown at [./src/hotspot/share/classfile/systemDictionary.cpp, line 231]

Events (20 events):
Event: 14480.808 Executing VM operation: ParallelGCFailedAllocation
Event: 14480.809 Executing VM operation: ParallelGCFailedAllocation done
Event: 14480.809 Executing VM operation: RevokeBias
Event: 14480.809 Executing VM operation: RevokeBias done
Event: 14480.810 Thread 0x000001caded99800 Thread exited: 0x000001caded99800
Event: 14480.810 Executing VM operation: RevokeBias
Event: 14480.810 Executing VM operation: RevokeBias done
Event: 14480.812 Executing VM operation: RevokeBias
Event: 14480.812 Executing VM operation: RevokeBias done
Event: 14480.812 Executing VM operation: RevokeBias
Event: 14480.812 Executing VM operation: RevokeBias done
Event: 14481.071 Executing VM operation: ParallelGCFailedAllocation
Event: 14481.072 Executing VM operation: ParallelGCFailedAllocation done
Event: 14481.104 Executing VM operation: ParallelGCFailedAllocation
Event: 14481.105 Executing VM operation: ParallelGCFailedAllocation done
Event: 14481.928 Executing VM operation: ParallelGCFailedAllocation
Event: 14481.929 Executing VM operation: ParallelGCFailedAllocation done
Event: 14481.932 Executing VM operation: ParallelGCFailedAllocation
Event: 14481.934 Executing VM operation: ParallelGCFailedAllocation done
Event: 14481.939 Executing VM operation: ParallelGCFailedAllocation


Dynamic libraries:
0x00007ff65ea40000 - 0x00007ff65ea4d000 	C:\Program Files\AdoptOpenJDK\jdk-11.0.11.9-hotspot\bin\java.exe
0x00007ffdf66f0000 - 0x00007ffdf68e5000 	C:\Windows\SYSTEM32\ntdll.dll
0x00007ffdf5ef0000 - 0x00007ffdf5fad000 	C:\Windows\System32\KERNEL32.DLL
0x00007ffdf3f30000 - 0x00007ffdf41f8000 	C:\Windows\System32\KERNELBASE.dll
0x00007ffdf3e30000 - 0x00007ffdf3f30000 	C:\Windows\System32\ucrtbase.dll
0x00007ffddb770000 - 0x00007ffddb785000 	C:\Program Files\AdoptOpenJDK\jdk-11.0.11.9-hotspot\bin\VCRUNTIME140.dll
0x00007ffddb790000 - 0x00007ffddb7a7000 	C:\Program Files\AdoptOpenJDK\jdk-11.0.11.9-hotspot\bin\jli.dll
0x00007ffdf4d60000 - 0x00007ffdf4f00000 	C:\Windows\System32\USER32.dll
0x00007ffde1990000 - 0x00007ffde1c2a000 	C:\Windows\WinSxS\amd64_microsoft.windows.common-controls_6595b64144ccf1df_6.0.19041.844_none_ca00b6081b84eb1d\COMCTL32.dll
0x00007ffdf45c0000 - 0x00007ffdf45e2000 	C:\Windows\System32\win32u.dll
0x00007ffdf5d30000 - 0x00007ffdf5dce000 	C:\Windows\System32\msvcrt.dll
0x00007ffdf4c40000 - 0x00007ffdf4c6a000 	C:\Windows\System32\GDI32.dll
0x00007ffdf45f0000 - 0x00007ffdf46fb000 	C:\Windows\System32\gdi32full.dll
0x00007ffdf4200000 - 0x00007ffdf429d000 	C:\Windows\System32\msvcp_win.dll
0x00007ffdf6430000 - 0x00007ffdf6460000 	C:\Windows\System32\IMM32.DLL
0x00007ffda1bb0000 - 0x00007ffda1c4b000 	C:\Program Files\AdoptOpenJDK\jdk-11.0.11.9-hotspot\bin\msvcp140.dll
0x00007ffd7e010000 - 0x00007ffd7eb5b000 	C:\Program Files\AdoptOpenJDK\jdk-11.0.11.9-hotspot\bin\server\jvm.dll
0x00007ffdf6280000 - 0x00007ffdf632c000 	C:\Windows\System32\ADVAPI32.dll
0x00007ffdf6390000 - 0x00007ffdf642b000 	C:\Windows\System32\sechost.dll
0x00007ffdf4f00000 - 0x00007ffdf502b000 	C:\Windows\System32\RPCRT4.dll
0x00007ffdf4c70000 - 0x00007ffdf4c78000 	C:\Windows\System32\PSAPI.DLL
0x00007ffdea8a0000 - 0x00007ffdea8c7000 	C:\Windows\SYSTEM32\WINMM.dll
0x00007ffde2bd0000 - 0x00007ffde2bd9000 	C:\Windows\SYSTEM32\WSOCK32.dll
0x00007ffded5f0000 - 0x00007ffded5fa000 	C:\Windows\SYSTEM32\VERSION.dll
0x00007ffdf5cc0000 - 0x00007ffdf5d2b000 	C:\Windows\System32\WS2_32.dll
0x00007ffdf1d90000 - 0x00007ffdf1da2000 	C:\Windows\SYSTEM32\kernel.appcore.dll
0x00007ffdef950000 - 0x00007ffdef960000 	C:\Program Files\AdoptOpenJDK\jdk-11.0.11.9-hotspot\bin\verify.dll
0x00007ffdecc60000 - 0x00007ffdece44000 	C:\Windows\SYSTEM32\DBGHELP.DLL
0x00007ffde6ee0000 - 0x00007ffde6f0c000 	C:\Windows\SYSTEM32\dbgcore.DLL
0x00007ffdf4330000 - 0x00007ffdf43b0000 	C:\Windows\System32\bcryptPrimitives.dll
0x00007ffdd7070000 - 0x00007ffdd7098000 	C:\Program Files\AdoptOpenJDK\jdk-11.0.11.9-hotspot\bin\java.dll
0x00007ffdef900000 - 0x00007ffdef90a000 	C:\Program Files\AdoptOpenJDK\jdk-11.0.11.9-hotspot\bin\jimage.dll
0x00007ffdd5680000 - 0x00007ffdd5697000 	C:\Program Files\AdoptOpenJDK\jdk-11.0.11.9-hotspot\bin\zip.dll
0x00007ffdf5560000 - 0x00007ffdf5ca2000 	C:\Windows\System32\SHELL32.dll
0x00007ffdf1f90000 - 0x00007ffdf2721000 	C:\Windows\SYSTEM32\windows.storage.dll
0x00007ffdf4830000 - 0x00007ffdf4b85000 	C:\Windows\System32\combase.dll
0x00007ffdf37d0000 - 0x00007ffdf37fc000 	C:\Windows\SYSTEM32\Wldp.dll
0x00007ffdf61d0000 - 0x00007ffdf627e000 	C:\Windows\System32\SHCORE.dll
0x00007ffdf6330000 - 0x00007ffdf6385000 	C:\Windows\System32\shlwapi.dll
0x00007ffdf3d70000 - 0x00007ffdf3d8f000 	C:\Windows\SYSTEM32\profapi.dll
0x00007ffdd56a0000 - 0x00007ffdd56b9000 	C:\Program Files\AdoptOpenJDK\jdk-11.0.11.9-hotspot\bin\net.dll
0x00007ffdede40000 - 0x00007ffdedf4b000 	C:\Windows\SYSTEM32\WINHTTP.dll
0x00007ffdf3540000 - 0x00007ffdf35aa000 	C:\Windows\system32\mswsock.dll
0x00007ffdd3160000 - 0x00007ffdd3172000 	C:\Program Files\AdoptOpenJDK\jdk-11.0.11.9-hotspot\bin\nio.dll
0x00007ffdd2f60000 - 0x00007ffdd2f85000 	C:\Program Files\AdoptOpenJDK\jdk-11.0.11.9-hotspot\bin\sunec.dll
0x00007ffdf3720000 - 0x00007ffdf3738000 	C:\Windows\SYSTEM32\CRYPTSP.dll
0x00007ffdf2ee0000 - 0x00007ffdf2f14000 	C:\Windows\system32\rsaenh.dll
0x00007ffdf4300000 - 0x00007ffdf4327000 	C:\Windows\System32\bcrypt.dll
0x00007ffdf3cf0000 - 0x00007ffdf3d1e000 	C:\Windows\SYSTEM32\USERENV.dll
0x00007ffdf3710000 - 0x00007ffdf371c000 	C:\Windows\SYSTEM32\CRYPTBASE.dll
0x00007ffdf3230000 - 0x00007ffdf326b000 	C:\Windows\SYSTEM32\IPHLPAPI.DLL
0x00007ffdf64f0000 - 0x00007ffdf64f8000 	C:\Windows\System32\NSI.dll
0x00007ffdee620000 - 0x00007ffdee637000 	C:\Windows\SYSTEM32\dhcpcsvc6.DLL
0x00007ffdee600000 - 0x00007ffdee61d000 	C:\Windows\SYSTEM32\dhcpcsvc.DLL
0x00007ffdf3270000 - 0x00007ffdf333c000 	C:\Windows\SYSTEM32\DNSAPI.dll
0x00007ffdcff90000 - 0x00007ffdcffb9000 	C:\Users\arg10\AppData\Roaming\Code\User\globalStorage\redhat.java\0.79.1\config_win\org.eclipse.equinox.launcher\org.eclipse.equinox.launcher.win32.win32.x86_64_1.2.200.v20210406-1409\eclipse_11401.dll
0x00007ffdcb300000 - 0x00007ffdcb311000 	C:\Users\arg10\AppData\Roaming\Code\User\globalStorage\redhat.java\0.79.1\config_win\org.eclipse.osgi\23\0\.cp\jWinHttp-1.0.0.dll
0x00007ffdf6080000 - 0x00007ffdf61aa000 	C:\Windows\System32\ole32.dll
0x00007ffde4cc0000 - 0x00007ffde4cca000 	C:\Windows\System32\rasadhlp.dll
0x00007ffde54d0000 - 0x00007ffde554f000 	C:\Windows\System32\fwpuclnt.dll
0x00007ffdedf90000 - 0x00007ffdedf9e000 	C:\Program Files\AdoptOpenJDK\jdk-11.0.11.9-hotspot\bin\sunmscapi.dll
0x00007ffdf43b0000 - 0x00007ffdf450f000 	C:\Windows\System32\CRYPT32.dll
0x00007ffdf3840000 - 0x00007ffdf3867000 	C:\Windows\SYSTEM32\ncrypt.dll
0x00007ffdf3800000 - 0x00007ffdf383b000 	C:\Windows\SYSTEM32\NTASN1.dll

dbghelp: loaded successfully - version: 4.0.5 - missing functions: none
symbol engine: initialized successfully - sym options: 0x614 - pdb path: .;C:\Program Files\AdoptOpenJDK\jdk-11.0.11.9-hotspot\bin;C:\Windows\SYSTEM32;C:\Windows\WinSxS\amd64_microsoft.windows.common-controls_6595b64144ccf1df_6.0.19041.844_none_ca00b6081b84eb1d;C:\Program Files\AdoptOpenJDK\jdk-11.0.11.9-hotspot\bin\server;C:\Users\arg10\AppData\Roaming\Code\User\globalStorage\redhat.java\0.79.1\config_win\org.eclipse.equinox.launcher\org.eclipse.equinox.launcher.win32.win32.x86_64_1.2.200.v20210406-1409;C:\Users\arg10\AppData\Roaming\Code\User\globalStorage\redhat.java\0.79.1\config_win\org.eclipse.osgi\23\0\.cp

VM Arguments:
jvm_args: --add-modules=ALL-SYSTEM --add-opens=java.base/java.util=ALL-UNNAMED --add-opens=java.base/java.lang=ALL-UNNAMED -Declipse.application=org.eclipse.jdt.ls.core.id1 -Dosgi.bundles.defaultStartLevel=4 -Declipse.product=org.eclipse.jdt.ls.core.product -Dfile.encoding=utf8 -DwatchParentProcess=false -XX:+UseParallelGC -XX:GCTimeRatio=4 -XX:AdaptiveSizePolicyWeight=90 -Dsun.zip.disableMemoryMapping=true -Xmx1G -Xms100m -Xverify:none 
java_command: c:\Users\arg10\.vscode\extensions\redhat.java-0.79.1\server\plugins\org.eclipse.equinox.launcher_1.6.100.v20201223-0822.jar -configuration c:\Users\arg10\AppData\Roaming\Code\User\globalStorage\redhat.java\0.79.1\config_win -data c:\Users\arg10\AppData\Roaming\Code\User\workspaceStorage\1155923d09a5c388790d55c3c3faf51d\redhat.java\jdt_ws
java_class_path (initial): c:\Users\arg10\.vscode\extensions\redhat.java-0.79.1\server\plugins\org.eclipse.equinox.launcher_1.6.100.v20201223-0822.jar
Launcher Type: SUN_STANDARD

[Global flags]
    uintx AdaptiveSizePolicyWeight                 = 90                                        {product} {command line}
     bool BytecodeVerificationLocal                = false                                     {product} {command line}
     bool BytecodeVerificationRemote               = false                                     {product} {command line}
     intx CICompilerCount                          = 12                                        {product} {ergonomic}
    uintx GCTimeRatio                              = 4                                         {product} {command line}
   size_t InitialHeapSize                          = 104857600                                 {product} {command line}
   size_t MaxHeapSize                              = 1073741824                                {product} {command line}
   size_t MaxNewSize                               = 357564416                                 {product} {ergonomic}
   size_t MinHeapDeltaBytes                        = 524288                                    {product} {ergonomic}
   size_t NewSize                                  = 34603008                                  {product} {ergonomic}
    uintx NonNMethodCodeHeapSize                   = 7594288                                {pd product} {ergonomic}
    uintx NonProfiledCodeHeapSize                  = 122031976                              {pd product} {ergonomic}
   size_t OldSize                                  = 70254592                                  {product} {ergonomic}
    uintx ProfiledCodeHeapSize                     = 122031976                              {pd product} {ergonomic}
    uintx ReservedCodeCacheSize                    = 251658240                              {pd product} {ergonomic}
     bool SegmentedCodeCache                       = true                                      {product} {ergonomic}
     bool UseCompressedClassPointers               = true                                 {lp64_product} {ergonomic}
     bool UseCompressedOops                        = true                                 {lp64_product} {ergonomic}
     bool UseLargePagesIndividualAllocation        = false                                  {pd product} {ergonomic}
     bool UseParallelGC                            = true                                      {product} {command line}

Logging:
Log output configuration:
 #0: stdout all=warning uptime,level,tags
 #1: stderr all=off uptime,level,tags

Environment Variables:
JAVA_HOME=C:\Program Files\AdoptOpenJDK\jre-8.0.282.8-hotspot\
PATH=C:\Program Files\AdoptOpenJDK\jdk-11.0.11.9-hotspot\bin;C:\Program Files (x86)\NVIDIA Corporation\PhysX\Common;C:\Program Files\AdoptOpenJDK\jre-8.0.282.8-hotspot\bin;C:\Program Files\AdoptOpenJDK\jre-11.0.10.9-hotspot\bin;C:\Windows\system32;C:\Windows;C:\Windows\System32\Wbem;C:\Windows\System32\WindowsPowerShell\v1.0\;C:\Windows\System32\OpenSSH\;C:\Program Files\PuTTY\;C:\Program Files\Microsoft VS Code\bin;C:\Program Files\dotnet\;C:\Program Files (x86)\ZeroTier\One\;C:\Program Files\Git\cmd;C:\Users\arg10\AppData\Local\Microsoft\WindowsApps;
USERNAME=arg10
OS=Windows_NT
PROCESSOR_IDENTIFIER=AMD64 Family 23 Model 113 Stepping 0, AuthenticAMD



---------------  S Y S T E M  ---------------

OS: Windows 10 , 64 bit Build 19041 (10.0.19041.928)
OS uptime: 0 days 23:00 hours

CPU:total 16 (initial active 16) (16 cores per cpu, 2 threads per core) family 23 model 113 stepping 0 microcode 0x0, cmov, cx8, fxsr, mmx, sse, sse2, sse3, ssse3, sse4.1, sse4.2, popcnt, avx, avx2, aes, clmul, mmxext, 3dnowpref, lzcnt, sse4a, ht, tsc, tscinvbit, tscinv, bmi1, bmi2, adx,

Memory: 4k page, system-wide physical 16310M (8914M free)
TotalPageFile size 24246M (AvailPageFile size 9381M)
current process WorkingSet (physical memory assigned to process): 315M, peak: 514M
current process commit charge ("private bytes"): 474M, peak: 570M

vm_info: OpenJDK 64-Bit Server VM (11.0.11+9) for windows-amd64 JRE (11.0.11+9), built on Apr 20 2021 21:22:09 by "" with MS VC++ 15.9 (VS2017)

END.
